0 info it worked if it ends with ok
1 verbose cli [ 'C:\\Program Files\\nodejs\\node.exe',
1 verbose cli   'C:\\Program Files\\nodejs\\node_modules\\npm\\bin\\npm-cli.js',
1 verbose cli   'install',
1 verbose cli   'node-foreman' ]
2 info using npm@2.14.12
3 info using node@v4.2.6
4 verbose install initial load of C:\Users\AllahBukhshZ\loc8\package.json
5 verbose installManyTop reading scoped package data from C:\Users\AllahBukhshZ\loc8\node_modules\body-parser\package.json
6 verbose installManyTop reading scoped package data from C:\Users\AllahBukhshZ\loc8\node_modules\cookie-parser\package.json
7 verbose installManyTop reading scoped package data from C:\Users\AllahBukhshZ\loc8\node_modules\debug\package.json
8 verbose installManyTop reading scoped package data from C:\Users\AllahBukhshZ\loc8\node_modules\express\package.json
9 verbose installManyTop reading scoped package data from C:\Users\AllahBukhshZ\loc8\node_modules\jade\package.json
10 verbose installManyTop reading scoped package data from C:\Users\AllahBukhshZ\loc8\node_modules\morgan\package.json
11 verbose installManyTop reading scoped package data from C:\Users\AllahBukhshZ\loc8\node_modules\serve-favicon\package.json
12 info package.json debug@2.0.0 No license field.
13 verbose readDependencies loading dependencies from C:\Users\AllahBukhshZ\loc8\package.json
14 silly cache add args [ 'node-foreman', null ]
15 verbose cache add spec node-foreman
16 silly cache add parsed spec Result {
16 silly cache add   raw: 'node-foreman',
16 silly cache add   scope: null,
16 silly cache add   name: 'node-foreman',
16 silly cache add   rawSpec: '',
16 silly cache add   spec: 'latest',
16 silly cache add   type: 'tag' }
17 silly addNamed node-foreman@latest
18 verbose addNamed "latest" is being treated as a dist-tag for node-foreman
19 info addNameTag [ 'node-foreman', 'latest' ]
20 silly mapToRegistry name node-foreman
21 silly mapToRegistry using default registry
22 silly mapToRegistry registry https://registry.npmjs.org/
23 silly mapToRegistry uri https://registry.npmjs.org/node-foreman
24 verbose addNameTag registry:https://registry.npmjs.org/node-foreman not in flight; fetching
25 verbose request uri https://registry.npmjs.org/node-foreman
26 verbose request no auth needed
27 info attempt registry request try #1 at 12:38:56
28 verbose request id 54639a335af64594
29 http request GET https://registry.npmjs.org/node-foreman
30 http 404 https://registry.npmjs.org/node-foreman
31 verbose headers { 'content-type': 'application/json',
31 verbose headers   'cache-control': 'max-age=0',
31 verbose headers   'content-length': '2',
31 verbose headers   'accept-ranges': 'bytes',
31 verbose headers   date: 'Mon, 23 May 2016 10:38:57 GMT',
31 verbose headers   via: '1.1 varnish',
31 verbose headers   age: '0',
31 verbose headers   connection: 'keep-alive',
31 verbose headers   'x-served-by': 'cache-ams4131-AMS',
31 verbose headers   'x-cache': 'MISS',
31 verbose headers   'x-cache-hits': '0',
31 verbose headers   'x-timer': 'S1463999936.854842,VS0,VE178',
31 verbose headers   vary: 'Accept-Encoding' }
32 silly get cb [ 404,
32 silly get   { 'content-type': 'application/json',
32 silly get     'cache-control': 'max-age=0',
32 silly get     'content-length': '2',
32 silly get     'accept-ranges': 'bytes',
32 silly get     date: 'Mon, 23 May 2016 10:38:57 GMT',
32 silly get     via: '1.1 varnish',
32 silly get     age: '0',
32 silly get     connection: 'keep-alive',
32 silly get     'x-served-by': 'cache-ams4131-AMS',
32 silly get     'x-cache': 'MISS',
32 silly get     'x-cache-hits': '0',
32 silly get     'x-timer': 'S1463999936.854842,VS0,VE178',
32 silly get     vary: 'Accept-Encoding' } ]
33 verbose stack Error: Registry returned 404 for GET on https://registry.npmjs.org/node-foreman
33 verbose stack     at makeError (C:\Program Files\nodejs\node_modules\npm\node_modules\npm-registry-client\lib\request.js:264:12)
33 verbose stack     at CachingRegistryClient.<anonymous> (C:\Program Files\nodejs\node_modules\npm\node_modules\npm-registry-client\lib\request.js:242:14)
33 verbose stack     at Request._callback (C:\Program Files\nodejs\node_modules\npm\node_modules\npm-registry-client\lib\request.js:172:14)
33 verbose stack     at Request.self.callback (C:\Program Files\nodejs\node_modules\npm\node_modules\request\request.js:198:22)
33 verbose stack     at emitTwo (events.js:87:13)
33 verbose stack     at Request.emit (events.js:172:7)
33 verbose stack     at Request.<anonymous> (C:\Program Files\nodejs\node_modules\npm\node_modules\request\request.js:1082:10)
33 verbose stack     at emitOne (events.js:82:20)
33 verbose stack     at Request.emit (events.js:169:7)
33 verbose stack     at IncomingMessage.<anonymous> (C:\Program Files\nodejs\node_modules\npm\node_modules\request\request.js:1009:12)
34 verbose statusCode 404
35 verbose pkgid node-foreman
36 verbose cwd C:\Users\AllahBukhshZ\loc8
37 error Windows_NT 6.1.7601
38 error argv "C:\\Program Files\\nodejs\\node.exe" "C:\\Program Files\\nodejs\\node_modules\\npm\\bin\\npm-cli.js" "install" "node-foreman"
39 error node v4.2.6
40 error npm  v2.14.12
41 error code E404
42 error 404 Registry returned 404 for GET on https://registry.npmjs.org/node-foreman
42 error 404
42 error 404 'node-foreman' is not in the npm registry.
42 error 404 You should bug the author to publish it (or use the name yourself!)
42 error 404 It was specified as a dependency of 'loc8'
42 error 404
42 error 404 Note that you can also install from a
42 error 404 tarball, folder, http url, or git url.
43 verbose exit [ 1, true ]
